(cv) haoweiq@3c06300ed8ff updateentity % python3 ./updateentity.py SampleWorkspaceId updateroot1 100 us-east-1
Number of arguments: 5 arguments.
Argument List: ['./updateentity.py', 'SampleWorkspaceId', 'updateroot1', '100', 'us-east-1']
Create a tree with depth = 2, 100 child per parent.
Root entity created with id =c753b170-619e-4c82-9e81-dd1086af7879
Starting Thread ThreadD2
Thread [ThreadD2] created child entity id = childentity-id-1
Thread [ThreadD2] created child entity id = childentity-id-2
Thread [ThreadD2] created child entity id = childentity-id-3
Thread [ThreadD2] created child entity id = childentity-id-4
Thread [ThreadD2] created child entity id = childentity-id-5
Thread [ThreadD2] created child entity id = childentity-id-6
Thread [ThreadD2] created child entity id = childentity-id-7
Thread [ThreadD2] created child entity id = childentity-id-8
Thread [ThreadD2] created child entity id = childentity-id-9
Thread [ThreadD2] created child entity id = childentity-id-10
Thread [ThreadD2] created child entity id = childentity-id-11
Thread [ThreadD2] created child entity id = childentity-id-12
Thread [ThreadD2] created child entity id = childentity-id-13
Thread [ThreadD2] created child entity id = childentity-id-14
Thread [ThreadD2] created child entity id = childentity-id-15
Thread [ThreadD2] created child entity id = childentity-id-16
Thread [ThreadD2] created child entity id = childentity-id-17
Thread [ThreadD2] created child entity id = childentity-id-18
Thread [ThreadD2] created child entity id = childentity-id-19
Thread [ThreadD2] created child entity id = childentity-id-20
Thread [ThreadD2] created child entity id = childentity-id-21
Thread [ThreadD2] created child entity id = childentity-id-22
Thread [ThreadD2] created child entity id = childentity-id-23
Thread [ThreadD2] created child entity id = childentity-id-24
Thread [ThreadD2] created child entity id = childentity-id-25
Thread [ThreadD2] created child entity id = childentity-id-26
Thread [ThreadD2] created child entity id = childentity-id-27
Thread [ThreadD2] created child entity id = childentity-id-28
Thread [ThreadD2] created child entity id = childentity-id-29
Thread [ThreadD2] created child entity id = childentity-id-30
Thread [ThreadD2] created child entity id = childentity-id-31
Thread [ThreadD2] created child entity id = childentity-id-32
Thread [ThreadD2] created child entity id = childentity-id-33
Thread [ThreadD2] created child entity id = childentity-id-34
Thread [ThreadD2] created child entity id = childentity-id-35
Thread [ThreadD2] created child entity id = childentity-id-36
Thread [ThreadD2] created child entity id = childentity-id-37
Thread [ThreadD2] created child entity id = childentity-id-38
Thread [ThreadD2] created child entity id = childentity-id-39
Thread [ThreadD2] created child entity id = childentity-id-40
Thread [ThreadD2] created child entity id = childentity-id-41
Thread [ThreadD2] created child entity id = childentity-id-42
Thread [ThreadD2] created child entity id = childentity-id-43
Thread [ThreadD2] created child entity id = childentity-id-44
Thread [ThreadD2] created child entity id = childentity-id-45
Thread [ThreadD2] created child entity id = childentity-id-46
Thread [ThreadD2] created child entity id = childentity-id-47
Thread [ThreadD2] created child entity id = childentity-id-48
Thread [ThreadD2] created child entity id = childentity-id-49
Thread [ThreadD2] created child entity id = childentity-id-50
Thread [ThreadD2] created child entity id = childentity-id-51
Thread [ThreadD2] created child entity id = childentity-id-52
Thread [ThreadD2] created child entity id = childentity-id-53
Thread [ThreadD2] created child entity id = childentity-id-54
Thread [ThreadD2] created child entity id = childentity-id-55
Thread [ThreadD2] created child entity id = childentity-id-56
Thread [ThreadD2] created child entity id = childentity-id-57
Thread [ThreadD2] created child entity id = childentity-id-58
Thread [ThreadD2] created child entity id = childentity-id-59
Thread [ThreadD2] created child entity id = childentity-id-60
Thread [ThreadD2] created child entity id = childentity-id-61
Thread [ThreadD2] created child entity id = childentity-id-62
Thread [ThreadD2] created child entity id = childentity-id-63
Thread [ThreadD2] created child entity id = childentity-id-64
Thread [ThreadD2] created child entity id = childentity-id-65
Thread [ThreadD2] created child entity id = childentity-id-66
Thread [ThreadD2] created child entity id = childentity-id-67
Thread [ThreadD2] created child entity id = childentity-id-68
Thread [ThreadD2] created child entity id = childentity-id-69
Thread [ThreadD2] created child entity id = childentity-id-70
Thread [ThreadD2] created child entity id = childentity-id-71
Thread [ThreadD2] created child entity id = childentity-id-72
Thread [ThreadD2] created child entity id = childentity-id-73
Thread [ThreadD2] created child entity id = childentity-id-74
Thread [ThreadD2] created child entity id = childentity-id-75
Thread [ThreadD2] created child entity id = childentity-id-76
Thread [ThreadD2] created child entity id = childentity-id-77
Thread [ThreadD2] created child entity id = childentity-id-78
Thread [ThreadD2] created child entity id = childentity-id-79
Thread [ThreadD2] created child entity id = childentity-id-80
Thread [ThreadD2] created child entity id = childentity-id-81
Thread [ThreadD2] created child entity id = childentity-id-82
Thread [ThreadD2] created child entity id = childentity-id-83
Thread [ThreadD2] created child entity id = childentity-id-84
Thread [ThreadD2] created child entity id = childentity-id-85
Thread [ThreadD2] created child entity id = childentity-id-86
Thread [ThreadD2] created child entity id = childentity-id-87
Thread [ThreadD2] created child entity id = childentity-id-88
Thread [ThreadD2] created child entity id = childentity-id-89
Thread [ThreadD2] created child entity id = childentity-id-90
Thread [ThreadD2] created child entity id = childentity-id-91
Thread [ThreadD2] created child entity id = childentity-id-92
Thread [ThreadD2] created child entity id = childentity-id-93
Thread [ThreadD2] created child entity id = childentity-id-94
Thread [ThreadD2] created child entity id = childentity-id-95
Thread [ThreadD2] created child entity id = childentity-id-96
Thread [ThreadD2] created child entity id = childentity-id-97
Thread [ThreadD2] created child entity id = childentity-id-98
Thread [ThreadD2] created child entity id = childentity-id-99
Thread [ThreadD2] created child entity id = childentity-id-100
Exiting Thread ThreadD2
Starting Thread ThreadU1
Starting Thread ThreadU2
Starting Thread ThreadU3
Starting Thread ThreadU5
Starting Thread ThreadU7
Starting Thread ThreadU4
Starting Thread ThreadU8
Starting Thread ThreadU6
Starting Thread ThreadU9
{'ResponseMetadata': {'RequestId': '491394ff-7f50-49a9-ae97-01486fd06ee3', 'HTTPStatusCode': 200, 'HTTPHeaders': {'date': 'Tue, 01 Nov 2022 19:00:17 GMT', 'content-type': 'application/json', 'content-length': '54', 'connection': 'keep-alive', 'x-amzn-requestid': '491394ff-7f50-49a9-ae97-01486fd06ee3'}, 'RetryAttempts': 0}, 'updateDateTime': datetime.datetime(2022, 11, 1, 12, 0, 16, 981000, tzinfo=tzlocal()), 'state': 'UPDATING'}
Thread [ThreadU1] update child entity id = childentity-id-1
{'ResponseMetadata': {'RequestId': '8f57e659-fd61-4b57-b9fc-70bf75a4d3ff', 'HTTPStatusCode': 200, 'HTTPHeaders': {'date': 'Tue, 01 Nov 2022 19:00:17 GMT', 'content-type': 'application/json', 'content-length': '54', 'connection': 'keep-alive', 'x-amzn-requestid': '8f57e659-fd61-4b57-b9fc-70bf75a4d3ff'}, 'RetryAttempts': 0}, 'updateDateTime': datetime.datetime(2022, 11, 1, 12, 0, 17, 232000, tzinfo=tzlocal()), 'state': 'UPDATING'}
Thread [ThreadU1] update child entity id = childentity-id-2
{'ResponseMetadata': {'RequestId': '6f88732c-338e-45e7-a8b3-d7729696847e', 'HTTPStatusCode': 200, 'HTTPHeaders': {'date': 'Tue, 01 Nov 2022 19:00:17 GMT', 'content-type': 'application/json', 'content-length': '54', 'connection': 'keep-alive', 'x-amzn-requestid': '6f88732c-338e-45e7-a8b3-d7729696847e'}, 'RetryAttempts': 0}, 'updateDateTime': datetime.datetime(2022, 11, 1, 12, 0, 17, 495000, tzinfo=tzlocal()), 'state': 'UPDATING'}
Thread [ThreadU1] update child entity id = childentity-id-3
{'ResponseMetadata': {'RequestId': 'f294ba9e-d494-4476-b531-2866039ac5ea', 'HTTPStatusCode': 200, 'HTTPHeaders': {'date': 'Tue, 01 Nov 2022 19:00:17 GMT', 'content-type': 'application/json', 'content-length': '54', 'connection': 'keep-alive', 'x-amzn-requestid': 'f294ba9e-d494-4476-b531-2866039ac5ea'}, 'RetryAttempts': 0}, 'updateDateTime': datetime.datetime(2022, 11, 1, 12, 0, 17, 727000, tzinfo=tzlocal()), 'state': 'UPDATING'}
Thread [ThreadU1] update child entity id = childentity-id-4
{'ResponseMetadata': {'RequestId': '6f1f237d-578c-446b-ab76-84180aafb5df', 'HTTPStatusCode': 200, 'HTTPHeaders': {'date': 'Tue, 01 Nov 2022 19:00:18 GMT', 'content-type': 'application/json', 'content-length': '54', 'connection': 'keep-alive', 'x-amzn-requestid': '6f1f237d-578c-446b-ab76-84180aafb5df'}, 'RetryAttempts': 0}, 'updateDateTime': datetime.datetime(2022, 11, 1, 12, 0, 17, 922000, tzinfo=tzlocal()), 'state': 'UPDATING'}
Thread [ThreadU5] update child entity id = childentity-id-41
{'ResponseMetadata': {'RequestId': '0b9b3c7c-3e5b-43b0-943c-551d8a281d7d', 'HTTPStatusCode': 200, 'HTTPHeaders': {'date': 'Tue, 01 Nov 2022 19:00:18 GMT', 'content-type': 'application/json', 'content-length': '54', 'connection': 'keep-alive', 'x-amzn-requestid': '0b9b3c7c-3e5b-43b0-943c-551d8a281d7d'}, 'RetryAttempts': 0}, 'updateDateTime': datetime.datetime(2022, 11, 1, 12, 0, 17, 962000, tzinfo=tzlocal()), 'state': 'UPDATING'}
Thread [ThreadU2] update child entity id = childentity-id-11
{'ResponseMetadata': {'RequestId': '51dd5dc8-c3db-47e5-822f-da6ec081e54e', 'HTTPStatusCode': 200, 'HTTPHeaders': {'date': 'Tue, 01 Nov 2022 19:00:18 GMT', 'content-type': 'application/json', 'content-length': '54', 'connection': 'keep-alive', 'x-amzn-requestid': '51dd5dc8-c3db-47e5-822f-da6ec081e54e'}, 'RetryAttempts': 0}, 'updateDateTime': datetime.datetime(2022, 11, 1, 12, 0, 17, 925000, tzinfo=tzlocal()), 'state': 'UPDATING'}
Thread [ThreadU3] update child entity id = childentity-id-21
{'ResponseMetadata': {'RequestId': '06083272-c228-4841-827d-396a020adf7f', 'HTTPStatusCode': 200, 'HTTPHeaders': {'date': 'Tue, 01 Nov 2022 19:00:18 GMT', 'content-type': 'application/json', 'content-length': '54', 'connection': 'keep-alive', 'x-amzn-requestid': '06083272-c228-4841-827d-396a020adf7f'}, 'RetryAttempts': 0}, 'updateDateTime': datetime.datetime(2022, 11, 1, 12, 0, 17, 933000, tzinfo=tzlocal()), 'state': 'UPDATING'}
Thread [ThreadU9] update child entity id = childentity-id-81
{'ResponseMetadata': {'RequestId': 'f2432db6-5cd6-47bf-b942-8c600af895dc', 'HTTPStatusCode': 200, 'HTTPHeaders': {'date': 'Tue, 01 Nov 2022 19:00:18 GMT', 'content-type': 'application/json', 'content-length': '54', 'connection': 'keep-alive', 'x-amzn-requestid': 'f2432db6-5cd6-47bf-b942-8c600af895dc'}, 'RetryAttempts': 0}, 'updateDateTime': datetime.datetime(2022, 11, 1, 12, 0, 18, 145000, tzinfo=tzlocal()), 'state': 'UPDATING'}
Thread [ThreadU5] update child entity id = childentity-id-42
{'ResponseMetadata': {'RequestId': 'a1f02f12-1ec4-4014-a3a8-c3585042f436', 'HTTPStatusCode': 200, 'HTTPHeaders': {'date': 'Tue, 01 Nov 2022 19:00:18 GMT', 'content-type': 'application/json', 'content-length': '54', 'connection': 'keep-alive', 'x-amzn-requestid': 'a1f02f12-1ec4-4014-a3a8-c3585042f436'}, 'RetryAttempts': 0}, 'updateDateTime': datetime.datetime(2022, 11, 1, 12, 0, 18, 171000, tzinfo=tzlocal()), 'state': 'UPDATING'}
Thread [ThreadU2] update child entity id = childentity-id-12
{'ResponseMetadata': {'RequestId': '31ef01af-016b-4c26-8986-ac3af8b1b0ab', 'HTTPStatusCode': 200, 'HTTPHeaders': {'date': 'Tue, 01 Nov 2022 19:00:18 GMT', 'content-type': 'application/json', 'content-length': '52', 'connection': 'keep-alive', 'x-amzn-requestid': '31ef01af-016b-4c26-8986-ac3af8b1b0ab'}, 'RetryAttempts': 0}, 'updateDateTime': datetime.datetime(2022, 11, 1, 12, 0, 18, 200000, tzinfo=tzlocal()), 'state': 'UPDATING'}
Thread [ThreadU3] update child entity id = childentity-id-22
{'ResponseMetadata': {'RequestId': '7a491b28-b37a-4a01-8361-f634782b2747', 'HTTPStatusCode': 200, 'HTTPHeaders': {'date': 'Tue, 01 Nov 2022 19:00:18 GMT', 'content-type': 'application/json', 'content-length': '54', 'connection': 'keep-alive', 'x-amzn-requestid': '7a491b28-b37a-4a01-8361-f634782b2747'}, 'RetryAttempts': 0}, 'updateDateTime': datetime.datetime(2022, 11, 1, 12, 0, 18, 234000, tzinfo=tzlocal()), 'state': 'UPDATING'}
Thread [ThreadU9] update child entity id = childentity-id-82
{'ResponseMetadata': {'RequestId': 'a494929f-9a0b-44c6-bc43-70db8570359b', 'HTTPStatusCode': 200, 'HTTPHeaders': {'date': 'Tue, 01 Nov 2022 19:00:18 GMT', 'content-type': 'application/json', 'content-length': '54', 'connection': 'keep-alive', 'x-amzn-requestid': 'a494929f-9a0b-44c6-bc43-70db8570359b'}, 'RetryAttempts': 1}, 'updateDateTime': datetime.datetime(2022, 11, 1, 12, 0, 18, 414000, tzinfo=tzlocal()), 'state': 'UPDATING'}
Thread [ThreadU1] update child entity id = childentity-id-5
{'ResponseMetadata': {'RequestId': 'f42bb334-03a7-43fb-8521-c4c07410951c', 'HTTPStatusCode': 200, 'HTTPHeaders': {'date': 'Tue, 01 Nov 2022 19:00:18 GMT', 'content-type': 'application/json', 'content-length': '54', 'connection': 'keep-alive', 'x-amzn-requestid': 'f42bb334-03a7-43fb-8521-c4c07410951c'}, 'RetryAttempts': 0}, 'updateDateTime': datetime.datetime(2022, 11, 1, 12, 0, 18, 371000, tzinfo=tzlocal()), 'state': 'UPDATING'}
Thread [ThreadU5] update child entity id = childentity-id-43
{'ResponseMetadata': {'RequestId': '75bde12c-e422-4bf3-9459-5060a6823513', 'HTTPStatusCode': 200, 'HTTPHeaders': {'date': 'Tue, 01 Nov 2022 19:00:18 GMT', 'content-type': 'application/json', 'content-length': '54', 'connection': 'keep-alive', 'x-amzn-requestid': '75bde12c-e422-4bf3-9459-5060a6823513'}, 'RetryAttempts': 0}, 'updateDateTime': datetime.datetime(2022, 11, 1, 12, 0, 18, 602000, tzinfo=tzlocal()), 'state': 'UPDATING'}
Thread [ThreadU9] update child entity id = childentity-id-83
{'ResponseMetadata': {'RequestId': 'f59c7737-dabe-48cd-9229-16a50ac78ee6', 'HTTPStatusCode': 200, 'HTTPHeaders': {'date': 'Tue, 01 Nov 2022 19:00:18 GMT', 'content-type': 'application/json', 'content-length': '54', 'connection': 'keep-alive', 'x-amzn-requestid': 'f59c7737-dabe-48cd-9229-16a50ac78ee6'}, 'RetryAttempts': 0}, 'updateDateTime': datetime.datetime(2022, 11, 1, 12, 0, 18, 699000, tzinfo=tzlocal()), 'state': 'UPDATING'}
Thread [ThreadU1] update child entity id = childentity-id-6
{'ResponseMetadata': {'RequestId': '6045f340-6d88-4ca5-b562-f134c1f2cc03', 'HTTPStatusCode': 200, 'HTTPHeaders': {'date': 'Tue, 01 Nov 2022 19:00:18 GMT', 'content-type': 'application/json', 'content-length': '54', 'connection': 'keep-alive', 'x-amzn-requestid': '6045f340-6d88-4ca5-b562-f134c1f2cc03'}, 'RetryAttempts': 0}, 'updateDateTime': datetime.datetime(2022, 11, 1, 12, 0, 18, 715000, tzinfo=tzlocal()), 'state': 'UPDATING'}
Thread [ThreadU5] update child entity id = childentity-id-44
{'ResponseMetadata': {'RequestId': '20fe29a5-c319-49a2-810e-3982b7a42adb', 'HTTPStatusCode': 200, 'HTTPHeaders': {'date': 'Tue, 01 Nov 2022 19:00:18 GMT', 'content-type': 'application/json', 'content-length': '54', 'connection': 'keep-alive', 'x-amzn-requestid': '20fe29a5-c319-49a2-810e-3982b7a42adb'}, 'RetryAttempts': 1}, 'updateDateTime': datetime.datetime(2022, 11, 1, 12, 0, 18, 753000, tzinfo=tzlocal()), 'state': 'UPDATING'}
Thread [ThreadU4] update child entity id = childentity-id-31
{'ResponseMetadata': {'RequestId': 'dcf87954-e694-4f73-958e-9f70680d3c67', 'HTTPStatusCode': 200, 'HTTPHeaders': {'date': 'Tue, 01 Nov 2022 19:00:18 GMT', 'content-type': 'application/json', 'content-length': '53', 'connection': 'keep-alive', 'x-amzn-requestid': 'dcf87954-e694-4f73-958e-9f70680d3c67'}, 'RetryAttempts': 1}, 'updateDateTime': datetime.datetime(2022, 11, 1, 12, 0, 18, 830000, tzinfo=tzlocal()), 'state': 'UPDATING'}
Thread [ThreadU2] update child entity id = childentity-id-13
{'ResponseMetadata': {'RequestId': 'edaee8c8-b8a4-4f72-84d8-d7bf9ff417b4', 'HTTPStatusCode': 200, 'HTTPHeaders': {'date': 'Tue, 01 Nov 2022 19:00:18 GMT', 'content-type': 'application/json', 'content-length': '54', 'connection': 'keep-alive', 'x-amzn-requestid': 'edaee8c8-b8a4-4f72-84d8-d7bf9ff417b4'}, 'RetryAttempts': 0}, 'updateDateTime': datetime.datetime(2022, 11, 1, 12, 0, 18, 828000, tzinfo=tzlocal()), 'state': 'UPDATING'}
Thread [ThreadU9] update child entity id = childentity-id-84
{'ResponseMetadata': {'RequestId': '653e5df4-1488-4701-bfe4-541e1a5b55da', 'HTTPStatusCode': 200, 'HTTPHeaders': {'date': 'Tue, 01 Nov 2022 19:00:19 GMT', 'content-type': 'application/json', 'content-length': '54', 'connection': 'keep-alive', 'x-amzn-requestid': '653e5df4-1488-4701-bfe4-541e1a5b55da'}, 'RetryAttempts': 0}, 'updateDateTime': datetime.datetime(2022, 11, 1, 12, 0, 18, 923000, tzinfo=tzlocal()), 'state': 'UPDATING'}
Thread [ThreadU1] update child entity id = childentity-id-7
{'ResponseMetadata': {'RequestId': '964605f4-b565-4d3c-8aa6-9051dfcc0df4', 'HTTPStatusCode': 200, 'HTTPHeaders': {'date': 'Tue, 01 Nov 2022 19:00:19 GMT', 'content-type': 'application/json', 'content-length': '54', 'connection': 'keep-alive', 'x-amzn-requestid': '964605f4-b565-4d3c-8aa6-9051dfcc0df4'}, 'RetryAttempts': 0}, 'updateDateTime': datetime.datetime(2022, 11, 1, 12, 0, 18, 997000, tzinfo=tzlocal()), 'state': 'UPDATING'}
Thread [ThreadU4] update child entity id = childentity-id-32
{'ResponseMetadata': {'RequestId': '485216f8-fd2d-4daa-bc41-1af8cc634720', 'HTTPStatusCode': 200, 'HTTPHeaders': {'date': 'Tue, 01 Nov 2022 19:00:19 GMT', 'content-type': 'application/json', 'content-length': '54', 'connection': 'keep-alive', 'x-amzn-requestid': '485216f8-fd2d-4daa-bc41-1af8cc634720'}, 'RetryAttempts': 0}, 'updateDateTime': datetime.datetime(2022, 11, 1, 12, 0, 19, 33000, tzinfo=tzlocal()), 'state': 'UPDATING'}
Thread [ThreadU2] update child entity id = childentity-id-14
{'ResponseMetadata': {'RequestId': '19e37eb1-c906-42d5-a82b-8e3e4d1150a1', 'HTTPStatusCode': 200, 'HTTPHeaders': {'date': 'Tue, 01 Nov 2022 19:00:19 GMT', 'content-type': 'application/json', 'content-length': '54', 'connection': 'keep-alive', 'x-amzn-requestid': '19e37eb1-c906-42d5-a82b-8e3e4d1150a1'}, 'RetryAttempts': 0}, 'updateDateTime': datetime.datetime(2022, 11, 1, 12, 0, 19, 77000, tzinfo=tzlocal()), 'state': 'UPDATING'}
Thread [ThreadU9] update child entity id = childentity-id-85
{'ResponseMetadata': {'RequestId': 'de58f827-4123-42c0-af69-452201b5bfb4', 'HTTPStatusCode': 200, 'HTTPHeaders': {'date': 'Tue, 01 Nov 2022 19:00:19 GMT', 'content-type': 'application/json', 'content-length': '54', 'connection': 'keep-alive', 'x-amzn-requestid': 'de58f827-4123-42c0-af69-452201b5bfb4'}, 'RetryAttempts': 0}, 'updateDateTime': datetime.datetime(2022, 11, 1, 12, 0, 19, 166000, tzinfo=tzlocal()), 'state': 'UPDATING'}
Thread [ThreadU1] update child entity id = childentity-id-8
{'ResponseMetadata': {'RequestId': '5c388d4a-81d5-48c0-a5d4-b4298ae17c76', 'HTTPStatusCode': 200, 'HTTPHeaders': {'date': 'Tue, 01 Nov 2022 19:00:19 GMT', 'content-type': 'application/json', 'content-length': '54', 'connection': 'keep-alive', 'x-amzn-requestid': '5c388d4a-81d5-48c0-a5d4-b4298ae17c76'}, 'RetryAttempts': 0}, 'updateDateTime': datetime.datetime(2022, 11, 1, 12, 0, 19, 241000, tzinfo=tzlocal()), 'state': 'UPDATING'}
Thread [ThreadU2] update child entity id = childentity-id-15
{'ResponseMetadata': {'RequestId': '1bcbbd22-3d65-4f17-9d16-91fd6e82186f', 'HTTPStatusCode': 200, 'HTTPHeaders': {'date': 'Tue, 01 Nov 2022 19:00:19 GMT', 'content-type': 'application/json', 'content-length': '54', 'connection': 'keep-alive', 'x-amzn-requestid': '1bcbbd22-3d65-4f17-9d16-91fd6e82186f'}, 'RetryAttempts': 0}, 'updateDateTime': datetime.datetime(2022, 11, 1, 12, 0, 19, 292000, tzinfo=tzlocal()), 'state': 'UPDATING'}
Thread [ThreadU9] update child entity id = childentity-id-86
{'ResponseMetadata': {'RequestId': '11c98b54-a343-4a39-90b8-9ee5c70b6ac6', 'HTTPStatusCode': 200, 'HTTPHeaders': {'date': 'Tue, 01 Nov 2022 19:00:19 GMT', 'content-type': 'application/json', 'content-length': '54', 'connection': 'keep-alive', 'x-amzn-requestid': '11c98b54-a343-4a39-90b8-9ee5c70b6ac6'}, 'RetryAttempts': 0}, 'updateDateTime': datetime.datetime(2022, 11, 1, 12, 0, 19, 382000, tzinfo=tzlocal()), 'state': 'UPDATING'}
Thread [ThreadU1] update child entity id = childentity-id-9
{'ResponseMetadata': {'RequestId': 'ce70b866-3113-4743-84a0-dc1028967f9d', 'HTTPStatusCode': 200, 'HTTPHeaders': {'date': 'Tue, 01 Nov 2022 19:00:19 GMT', 'content-type': 'application/json', 'content-length': '54', 'connection': 'keep-alive', 'x-amzn-requestid': 'ce70b866-3113-4743-84a0-dc1028967f9d'}, 'RetryAttempts': 0}, 'updateDateTime': datetime.datetime(2022, 11, 1, 12, 0, 19, 207000, tzinfo=tzlocal()), 'state': 'UPDATING'}
Thread [ThreadU4] update child entity id = childentity-id-33
{'ResponseMetadata': {'RequestId': '7753080a-629d-4e78-be5c-81dc1132006d', 'HTTPStatusCode': 200, 'HTTPHeaders': {'date': 'Tue, 01 Nov 2022 19:00:19 GMT', 'content-type': 'application/json', 'content-length': '54', 'connection': 'keep-alive', 'x-amzn-requestid': '7753080a-629d-4e78-be5c-81dc1132006d'}, 'RetryAttempts': 0}, 'updateDateTime': datetime.datetime(2022, 11, 1, 12, 0, 19, 456000, tzinfo=tzlocal()), 'state': 'UPDATING'}
Thread [ThreadU2] update child entity id = childentity-id-16
{'ResponseMetadata': {'RequestId': 'b752d02b-0e89-466a-9de1-9e51d5dfe574', 'HTTPStatusCode': 200, 'HTTPHeaders': {'date': 'Tue, 01 Nov 2022 19:00:19 GMT', 'content-type': 'application/json', 'content-length': '54', 'connection': 'keep-alive', 'x-amzn-requestid': 'b752d02b-0e89-466a-9de1-9e51d5dfe574'}, 'RetryAttempts': 0}, 'updateDateTime': datetime.datetime(2022, 11, 1, 12, 0, 19, 548000, tzinfo=tzlocal()), 'state': 'UPDATING'}
Thread [ThreadU9] update child entity id = childentity-id-87
{'ResponseMetadata': {'RequestId': 'e3881854-3c91-4d7b-9f94-e52bf438133a', 'HTTPStatusCode': 200, 'HTTPHeaders': {'date': 'Tue, 01 Nov 2022 19:00:19 GMT', 'content-type': 'application/json', 'content-length': '54', 'connection': 'keep-alive', 'x-amzn-requestid': 'e3881854-3c91-4d7b-9f94-e52bf438133a'}, 'RetryAttempts': 0}, 'updateDateTime': datetime.datetime(2022, 11, 1, 12, 0, 19, 572000, tzinfo=tzlocal()), 'state': 'UPDATING'}
Thread [ThreadU1] update child entity id = childentity-id-10
Exiting Thread ThreadU1
{'ResponseMetadata': {'RequestId': '2059698f-bd2b-4fd8-88e0-8c0fa43254be', 'HTTPStatusCode': 200, 'HTTPHeaders': {'date': 'Tue, 01 Nov 2022 19:00:19 GMT', 'content-type': 'application/json', 'content-length': '54', 'connection': 'keep-alive', 'x-amzn-requestid': '2059698f-bd2b-4fd8-88e0-8c0fa43254be'}, 'RetryAttempts': 2}, 'updateDateTime': datetime.datetime(2022, 11, 1, 12, 0, 19, 631000, tzinfo=tzlocal()), 'state': 'UPDATING'}
Thread [ThreadU6] update child entity id = childentity-id-51
{'ResponseMetadata': {'RequestId': 'ecca8552-65d1-4488-8c80-64800681218b', 'HTTPStatusCode': 200, 'HTTPHeaders': {'date': 'Tue, 01 Nov 2022 19:00:19 GMT', 'content-type': 'application/json', 'content-length': '54', 'connection': 'keep-alive', 'x-amzn-requestid': 'ecca8552-65d1-4488-8c80-64800681218b'}, 'RetryAttempts': 0}, 'updateDateTime': datetime.datetime(2022, 11, 1, 12, 0, 19, 681000, tzinfo=tzlocal()), 'state': 'UPDATING'}
Thread [ThreadU2] update child entity id = childentity-id-17
{'ResponseMetadata': {'RequestId': '7034a60a-e770-47cd-93f7-2372539d464c', 'HTTPStatusCode': 200, 'HTTPHeaders': {'date': 'Tue, 01 Nov 2022 19:00:19 GMT', 'content-type': 'application/json', 'content-length': '54', 'connection': 'keep-alive', 'x-amzn-requestid': '7034a60a-e770-47cd-93f7-2372539d464c'}, 'RetryAttempts': 0}, 'updateDateTime': datetime.datetime(2022, 11, 1, 12, 0, 19, 759000, tzinfo=tzlocal()), 'state': 'UPDATING'}
Thread [ThreadU9] update child entity id = childentity-id-88
{'ResponseMetadata': {'RequestId': '89602801-2855-49d9-88a3-d23d0f371876', 'HTTPStatusCode': 200, 'HTTPHeaders': {'date': 'Tue, 01 Nov 2022 19:00:19 GMT', 'content-type': 'application/json', 'content-length': '54', 'connection': 'keep-alive', 'x-amzn-requestid': '89602801-2855-49d9-88a3-d23d0f371876'}, 'RetryAttempts': 0}, 'updateDateTime': datetime.datetime(2022, 11, 1, 12, 0, 19, 841000, tzinfo=tzlocal()), 'state': 'UPDATING'}
Thread [ThreadU6] update child entity id = childentity-id-52
{'ResponseMetadata': {'RequestId': '9b26d1cc-10e6-4d75-8800-0b3813934944', 'HTTPStatusCode': 200, 'HTTPHeaders': {'date': 'Tue, 01 Nov 2022 19:00:20 GMT', 'content-type': 'application/json', 'content-length': '54', 'connection': 'keep-alive', 'x-amzn-requestid': '9b26d1cc-10e6-4d75-8800-0b3813934944'}, 'RetryAttempts': 0}, 'updateDateTime': datetime.datetime(2022, 11, 1, 12, 0, 19, 906000, tzinfo=tzlocal()), 'state': 'UPDATING'}
Thread [ThreadU2] update child entity id = childentity-id-18
{'ResponseMetadata': {'RequestId': 'cc14135e-a984-4f7e-8082-90be7997c57f', 'HTTPStatusCode': 200, 'HTTPHeaders': {'date': 'Tue, 01 Nov 2022 19:00:20 GMT', 'content-type': 'application/json', 'content-length': '54', 'connection': 'keep-alive', 'x-amzn-requestid': 'cc14135e-a984-4f7e-8082-90be7997c57f'}, 'RetryAttempts': 0}, 'updateDateTime': datetime.datetime(2022, 11, 1, 12, 0, 19, 983000, tzinfo=tzlocal()), 'state': 'UPDATING'}
Thread [ThreadU9] update child entity id = childentity-id-89
{'ResponseMetadata': {'RequestId': 'b2ae8db2-3c91-48dd-bc9d-3682875cc21e', 'HTTPStatusCode': 200, 'HTTPHeaders': {'date': 'Tue, 01 Nov 2022 19:00:20 GMT', 'content-type': 'application/json', 'content-length': '54', 'connection': 'keep-alive', 'x-amzn-requestid': 'b2ae8db2-3c91-48dd-bc9d-3682875cc21e'}, 'RetryAttempts': 0}, 'updateDateTime': datetime.datetime(2022, 11, 1, 12, 0, 20, 44000, tzinfo=tzlocal()), 'state': 'UPDATING'}
Thread [ThreadU6] update child entity id = childentity-id-53
{'ResponseMetadata': {'RequestId': '2a31049f-a731-47cd-ade6-31d9c2b91642', 'HTTPStatusCode': 200, 'HTTPHeaders': {'date': 'Tue, 01 Nov 2022 19:00:20 GMT', 'content-type': 'application/json', 'content-length': '54', 'connection': 'keep-alive', 'x-amzn-requestid': '2a31049f-a731-47cd-ade6-31d9c2b91642'}, 'RetryAttempts': 0}, 'updateDateTime': datetime.datetime(2022, 11, 1, 12, 0, 20, 119000, tzinfo=tzlocal()), 'state': 'UPDATING'}
Thread [ThreadU2] update child entity id = childentity-id-19
{'ResponseMetadata': {'RequestId': '2044a95b-7a31-47ba-a3ed-9bf5bb4b3eec', 'HTTPStatusCode': 200, 'HTTPHeaders': {'date': 'Tue, 01 Nov 2022 19:00:20 GMT', 'content-type': 'application/json', 'content-length': '54', 'connection': 'keep-alive', 'x-amzn-requestid': '2044a95b-7a31-47ba-a3ed-9bf5bb4b3eec'}, 'RetryAttempts': 2}, 'updateDateTime': datetime.datetime(2022, 11, 1, 12, 0, 20, 263000, tzinfo=tzlocal()), 'state': 'UPDATING'}
Thread [ThreadU8] update child entity id = childentity-id-71
{'ResponseMetadata': {'RequestId': 'c9a848c5-b390-4699-b852-1f625cde3fef', 'HTTPStatusCode': 200, 'HTTPHeaders': {'date': 'Tue, 01 Nov 2022 19:00:20 GMT', 'content-type': 'application/json', 'content-length': '54', 'connection': 'keep-alive', 'x-amzn-requestid': 'c9a848c5-b390-4699-b852-1f625cde3fef'}, 'RetryAttempts': 0}, 'updateDateTime': datetime.datetime(2022, 11, 1, 12, 0, 20, 283000, tzinfo=tzlocal()), 'state': 'UPDATING'}
Thread [ThreadU6] update child entity id = childentity-id-54
{'ResponseMetadata': {'RequestId': 'bd11a7bb-6a1f-461d-a27e-af072e9a2472', 'HTTPStatusCode': 200, 'HTTPHeaders': {'date': 'Tue, 01 Nov 2022 19:00:20 GMT', 'content-type': 'application/json', 'content-length': '54', 'connection': 'keep-alive', 'x-amzn-requestid': 'bd11a7bb-6a1f-461d-a27e-af072e9a2472'}, 'RetryAttempts': 0}, 'updateDateTime': datetime.datetime(2022, 11, 1, 12, 0, 20, 331000, tzinfo=tzlocal()), 'state': 'UPDATING'}
Thread [ThreadU2] update child entity id = childentity-id-20
Exiting Thread ThreadU2
{'ResponseMetadata': {'RequestId': '6997b1be-f074-4c6d-a5c4-3133e2e27cef', 'HTTPStatusCode': 200, 'HTTPHeaders': {'date': 'Tue, 01 Nov 2022 19:00:20 GMT', 'content-type': 'application/json', 'content-length': '53', 'connection': 'keep-alive', 'x-amzn-requestid': '6997b1be-f074-4c6d-a5c4-3133e2e27cef'}, 'RetryAttempts': 0}, 'updateDateTime': datetime.datetime(2022, 11, 1, 12, 0, 20, 470000, tzinfo=tzlocal()), 'state': 'UPDATING'}
Thread [ThreadU8] update child entity id = childentity-id-72
{'ResponseMetadata': {'RequestId': 'aa20922e-cf21-4c9c-bdb9-8a66e0d76369', 'HTTPStatusCode': 200, 'HTTPHeaders': {'date': 'Tue, 01 Nov 2022 19:00:20 GMT', 'content-type': 'application/json', 'content-length': '54', 'connection': 'keep-alive', 'x-amzn-requestid': 'aa20922e-cf21-4c9c-bdb9-8a66e0d76369'}, 'RetryAttempts': 0}, 'updateDateTime': datetime.datetime(2022, 11, 1, 12, 0, 20, 693000, tzinfo=tzlocal()), 'state': 'UPDATING'}
Thread [ThreadU8] update child entity id = childentity-id-73
{'ResponseMetadata': {'RequestId': 'ca47d6b0-e186-40b6-9943-fa506a1a8cd4', 'HTTPStatusCode': 200, 'HTTPHeaders': {'date': 'Tue, 01 Nov 2022 19:00:20 GMT', 'content-type': 'application/json', 'content-length': '54', 'connection': 'keep-alive', 'x-amzn-requestid': 'ca47d6b0-e186-40b6-9943-fa506a1a8cd4'}, 'RetryAttempts': 1}, 'updateDateTime': datetime.datetime(2022, 11, 1, 12, 0, 20, 782000, tzinfo=tzlocal()), 'state': 'UPDATING'}
Thread [ThreadU9] update child entity id = childentity-id-90
Exiting Thread ThreadU9
{'ResponseMetadata': {'RequestId': '11aa4918-5774-46d7-ab4c-63acac35853e', 'HTTPStatusCode': 200, 'HTTPHeaders': {'date': 'Tue, 01 Nov 2022 19:00:21 GMT', 'content-type': 'application/json', 'content-length': '54', 'connection': 'keep-alive', 'x-amzn-requestid': '11aa4918-5774-46d7-ab4c-63acac35853e'}, 'RetryAttempts': 3}, 'updateDateTime': datetime.datetime(2022, 11, 1, 12, 0, 21, 525000, tzinfo=tzlocal()), 'state': 'UPDATING'}
Thread [ThreadU5] update child entity id = childentity-id-45
{'ResponseMetadata': {'RequestId': '856eef11-7a31-49e9-9b96-e2c4ebe25f56', 'HTTPStatusCode': 200, 'HTTPHeaders': {'date': 'Tue, 01 Nov 2022 19:00:21 GMT', 'content-type': 'application/json', 'content-length': '54', 'connection': 'keep-alive', 'x-amzn-requestid': '856eef11-7a31-49e9-9b96-e2c4ebe25f56'}, 'RetryAttempts': 3}, 'updateDateTime': datetime.datetime(2022, 11, 1, 12, 0, 21, 747000, tzinfo=tzlocal()), 'state': 'UPDATING'}
Thread [ThreadU3] update child entity id = childentity-id-23
{'ResponseMetadata': {'RequestId': '3514b47c-ebb1-423a-92ab-c1c61a704990', 'HTTPStatusCode': 200, 'HTTPHeaders': {'date': 'Tue, 01 Nov 2022 19:00:21 GMT', 'content-type': 'application/json', 'content-length': '54', 'connection': 'keep-alive', 'x-amzn-requestid': '3514b47c-ebb1-423a-92ab-c1c61a704990'}, 'RetryAttempts': 0}, 'updateDateTime': datetime.datetime(2022, 11, 1, 12, 0, 21, 828000, tzinfo=tzlocal()), 'state': 'UPDATING'}
Thread [ThreadU5] update child entity id = childentity-id-46
{'ResponseMetadata': {'RequestId': '116c67c6-0144-49d0-a98b-73580ef3da6b', 'HTTPStatusCode': 200, 'HTTPHeaders': {'date': 'Tue, 01 Nov 2022 19:00:22 GMT', 'content-type': 'application/json', 'content-length': '54', 'connection': 'keep-alive', 'x-amzn-requestid': '116c67c6-0144-49d0-a98b-73580ef3da6b'}, 'RetryAttempts': 0}, 'updateDateTime': datetime.datetime(2022, 11, 1, 12, 0, 21, 962000, tzinfo=tzlocal()), 'state': 'UPDATING'}
Thread [ThreadU3] update child entity id = childentity-id-24
{'ResponseMetadata': {'RequestId': '382b36e9-8eda-425f-a9f4-297c0fe38772', 'HTTPStatusCode': 200, 'HTTPHeaders': {'date': 'Tue, 01 Nov 2022 19:00:22 GMT', 'content-type': 'application/json', 'content-length': '54', 'connection': 'keep-alive', 'x-amzn-requestid': '382b36e9-8eda-425f-a9f4-297c0fe38772'}, 'RetryAttempts': 2}, 'updateDateTime': datetime.datetime(2022, 11, 1, 12, 0, 22, 85000, tzinfo=tzlocal()), 'state': 'UPDATING'}
Thread [ThreadU4] update child entity id = childentity-id-34
{'ResponseMetadata': {'RequestId': 'd0a26c8e-8fda-4960-b9dc-ed6e1534e503', 'HTTPStatusCode': 200, 'HTTPHeaders': {'date': 'Tue, 01 Nov 2022 19:00:22 GMT', 'content-type': 'application/json', 'content-length': '53', 'connection': 'keep-alive', 'x-amzn-requestid': 'd0a26c8e-8fda-4960-b9dc-ed6e1534e503'}, 'RetryAttempts': 0}, 'updateDateTime': datetime.datetime(2022, 11, 1, 12, 0, 22, 160000, tzinfo=tzlocal()), 'state': 'UPDATING'}
Thread [ThreadU3] update child entity id = childentity-id-25
{'ResponseMetadata': {'RequestId': '53b0a25a-7084-43bf-923f-ecfc5f91acf6', 'HTTPStatusCode': 200, 'HTTPHeaders': {'date': 'Tue, 01 Nov 2022 19:00:22 GMT', 'content-type': 'application/json', 'content-length': '54', 'connection': 'keep-alive', 'x-amzn-requestid': '53b0a25a-7084-43bf-923f-ecfc5f91acf6'}, 'RetryAttempts': 0}, 'updateDateTime': datetime.datetime(2022, 11, 1, 12, 0, 22, 285000, tzinfo=tzlocal()), 'state': 'UPDATING'}
Thread [ThreadU4] update child entity id = childentity-id-35
{'ResponseMetadata': {'RequestId': '4832c098-283c-40e4-b868-0108f8136327', 'HTTPStatusCode': 200, 'HTTPHeaders': {'date': 'Tue, 01 Nov 2022 19:00:22 GMT', 'content-type': 'application/json', 'content-length': '54', 'connection': 'keep-alive', 'x-amzn-requestid': '4832c098-283c-40e4-b868-0108f8136327'}, 'RetryAttempts': 0}, 'updateDateTime': datetime.datetime(2022, 11, 1, 12, 0, 22, 369000, tzinfo=tzlocal()), 'state': 'UPDATING'}
Thread [ThreadU3] update child entity id = childentity-id-26
{'ResponseMetadata': {'RequestId': '3f47f500-047a-454d-8b7d-fbc1766bbfa6', 'HTTPStatusCode': 200, 'HTTPHeaders': {'date': 'Tue, 01 Nov 2022 19:00:22 GMT', 'content-type': 'application/json', 'content-length': '53', 'connection': 'keep-alive', 'x-amzn-requestid': '3f47f500-047a-454d-8b7d-fbc1766bbfa6'}, 'RetryAttempts': 0}, 'updateDateTime': datetime.datetime(2022, 11, 1, 12, 0, 22, 510000, tzinfo=tzlocal()), 'state': 'UPDATING'}
Thread [ThreadU4] update child entity id = childentity-id-36
{'ResponseMetadata': {'RequestId': 'd7f7311f-aac5-4f89-9e4d-558b1ee17a94', 'HTTPStatusCode': 200, 'HTTPHeaders': {'date': 'Tue, 01 Nov 2022 19:00:23 GMT', 'content-type': 'application/json', 'content-length': '54', 'connection': 'keep-alive', 'x-amzn-requestid': 'd7f7311f-aac5-4f89-9e4d-558b1ee17a94'}, 'RetryAttempts': 1}, 'updateDateTime': datetime.datetime(2022, 11, 1, 12, 0, 22, 967000, tzinfo=tzlocal()), 'state': 'UPDATING'}
Thread [ThreadU4] update child entity id = childentity-id-37
{'ResponseMetadata': {'RequestId': '58d2ca16-3628-4f14-84f4-c94e9c11cef8', 'HTTPStatusCode': 200, 'HTTPHeaders': {'date': 'Tue, 01 Nov 2022 19:00:23 GMT', 'content-type': 'application/json', 'content-length': '54', 'connection': 'keep-alive', 'x-amzn-requestid': '58d2ca16-3628-4f14-84f4-c94e9c11cef8'}, 'RetryAttempts': 1}, 'updateDateTime': datetime.datetime(2022, 11, 1, 12, 0, 23, 301000, tzinfo=tzlocal()), 'state': 'UPDATING'}
Thread [ThreadU3] update child entity id = childentity-id-27
{'ResponseMetadata': {'RequestId': '891035c5-0829-4ed3-9d9c-9df77ebd807d', 'HTTPStatusCode': 200, 'HTTPHeaders': {'date': 'Tue, 01 Nov 2022 19:00:23 GMT', 'content-type': 'application/json', 'content-length': '53', 'connection': 'keep-alive', 'x-amzn-requestid': '891035c5-0829-4ed3-9d9c-9df77ebd807d'}, 'RetryAttempts': 0}, 'updateDateTime': datetime.datetime(2022, 11, 1, 12, 0, 23, 550000, tzinfo=tzlocal()), 'state': 'UPDATING'}
Thread [ThreadU3] update child entity id = childentity-id-28
{'ResponseMetadata': {'RequestId': '7034e29c-dc5a-4e85-b496-8b26a0533cc7', 'HTTPStatusCode': 200, 'HTTPHeaders': {'date': 'Tue, 01 Nov 2022 19:00:23 GMT', 'content-type': 'application/json', 'content-length': '54', 'connection': 'keep-alive', 'x-amzn-requestid': '7034e29c-dc5a-4e85-b496-8b26a0533cc7'}, 'RetryAttempts': 0}, 'updateDateTime': datetime.datetime(2022, 11, 1, 12, 0, 23, 864000, tzinfo=tzlocal()), 'state': 'UPDATING'}
Thread [ThreadU3] update child entity id = childentity-id-29
{'ResponseMetadata': {'RequestId': '0a1ef1a2-ccba-445e-9cb2-92cc8c6830b4', 'HTTPStatusCode': 200, 'HTTPHeaders': {'date': 'Tue, 01 Nov 2022 19:00:24 GMT', 'content-type': 'application/json', 'content-length': '54', 'connection': 'keep-alive', 'x-amzn-requestid': '0a1ef1a2-ccba-445e-9cb2-92cc8c6830b4'}, 'RetryAttempts': 0}, 'updateDateTime': datetime.datetime(2022, 11, 1, 12, 0, 24, 73000, tzinfo=tzlocal()), 'state': 'UPDATING'}
Thread [ThreadU3] update child entity id = childentity-id-30
Exiting Thread ThreadU3
{'ResponseMetadata': {'RequestId': '3e0cb68c-e794-4fb7-9868-8876d0d59e05', 'HTTPStatusCode': 200, 'HTTPHeaders': {'date': 'Tue, 01 Nov 2022 19:00:25 GMT', 'content-type': 'application/json', 'content-length': '54', 'connection': 'keep-alive', 'x-amzn-requestid': '3e0cb68c-e794-4fb7-9868-8876d0d59e05'}, 'RetryAttempts': 3}, 'updateDateTime': datetime.datetime(2022, 11, 1, 12, 0, 25, 343000, tzinfo=tzlocal()), 'state': 'UPDATING'}
Thread [ThreadU5] update child entity id = childentity-id-47
{'ResponseMetadata': {'RequestId': 'edfaa7b6-01aa-4b99-994c-0b006f4ceb71', 'HTTPStatusCode': 200, 'HTTPHeaders': {'date': 'Tue, 01 Nov 2022 19:00:25 GMT', 'content-type': 'application/json', 'content-length': '54', 'connection': 'keep-alive', 'x-amzn-requestid': 'edfaa7b6-01aa-4b99-994c-0b006f4ceb71'}, 'RetryAttempts': 0}, 'updateDateTime': datetime.datetime(2022, 11, 1, 12, 0, 25, 573000, tzinfo=tzlocal()), 'state': 'UPDATING'}
Thread [ThreadU5] update child entity id = childentity-id-48
{'ResponseMetadata': {'RequestId': '749e924d-9fe4-49bb-8bfa-4f1a89041a8b', 'HTTPStatusCode': 200, 'HTTPHeaders': {'date': 'Tue, 01 Nov 2022 19:00:25 GMT', 'content-type': 'application/json', 'content-length': '54', 'connection': 'keep-alive', 'x-amzn-requestid': '749e924d-9fe4-49bb-8bfa-4f1a89041a8b'}, 'RetryAttempts': 4}, 'updateDateTime': datetime.datetime(2022, 11, 1, 12, 0, 25, 878000, tzinfo=tzlocal()), 'state': 'UPDATING'}
Thread [ThreadU7] update child entity id = childentity-id-61
{'ResponseMetadata': {'RequestId': 'b179c326-5c64-4146-be7d-02e73fed5ea2', 'HTTPStatusCode': 200, 'HTTPHeaders': {'date': 'Tue, 01 Nov 2022 19:00:26 GMT', 'content-type': 'application/json', 'content-length': '54', 'connection': 'keep-alive', 'x-amzn-requestid': 'b179c326-5c64-4146-be7d-02e73fed5ea2'}, 'RetryAttempts': 0}, 'updateDateTime': datetime.datetime(2022, 11, 1, 12, 0, 25, 905000, tzinfo=tzlocal()), 'state': 'UPDATING'}
Thread [ThreadU5] update child entity id = childentity-id-49
{'ResponseMetadata': {'RequestId': 'ef0fbcd0-cee8-45e0-88a0-758218860422', 'HTTPStatusCode': 200, 'HTTPHeaders': {'date': 'Tue, 01 Nov 2022 19:00:26 GMT', 'content-type': 'application/json', 'content-length': '53', 'connection': 'keep-alive', 'x-amzn-requestid': 'ef0fbcd0-cee8-45e0-88a0-758218860422'}, 'RetryAttempts': 0}, 'updateDateTime': datetime.datetime(2022, 11, 1, 12, 0, 26, 80000, tzinfo=tzlocal()), 'state': 'UPDATING'}
Thread [ThreadU7] update child entity id = childentity-id-62
{'ResponseMetadata': {'RequestId': '0647e617-cf7b-41ed-887c-a6d7dabbc7e7', 'HTTPStatusCode': 200, 'HTTPHeaders': {'date': 'Tue, 01 Nov 2022 19:00:26 GMT', 'content-type': 'application/json', 'content-length': '54', 'connection': 'keep-alive', 'x-amzn-requestid': '0647e617-cf7b-41ed-887c-a6d7dabbc7e7'}, 'RetryAttempts': 0}, 'updateDateTime': datetime.datetime(2022, 11, 1, 12, 0, 26, 199000, tzinfo=tzlocal()), 'state': 'UPDATING'}
Thread [ThreadU5] update child entity id = childentity-id-50
Exiting Thread ThreadU5
{'ResponseMetadata': {'RequestId': '5861c20b-ba4b-41ee-acfb-9559b7cdea46', 'HTTPStatusCode': 200, 'HTTPHeaders': {'date': 'Tue, 01 Nov 2022 19:00:26 GMT', 'content-type': 'application/json', 'content-length': '54', 'connection': 'keep-alive', 'x-amzn-requestid': '5861c20b-ba4b-41ee-acfb-9559b7cdea46'}, 'RetryAttempts': 2}, 'updateDateTime': datetime.datetime(2022, 11, 1, 12, 0, 26, 291000, tzinfo=tzlocal()), 'state': 'UPDATING'}
Thread [ThreadU4] update child entity id = childentity-id-38
{'ResponseMetadata': {'RequestId': '59dd507f-104b-437b-a1a6-771453fe1bdc', 'HTTPStatusCode': 200, 'HTTPHeaders': {'date': 'Tue, 01 Nov 2022 19:00:26 GMT', 'content-type': 'application/json', 'content-length': '54', 'connection': 'keep-alive', 'x-amzn-requestid': '59dd507f-104b-437b-a1a6-771453fe1bdc'}, 'RetryAttempts': 0}, 'updateDateTime': datetime.datetime(2022, 11, 1, 12, 0, 26, 338000, tzinfo=tzlocal()), 'state': 'UPDATING'}
Thread [ThreadU7] update child entity id = childentity-id-63
{'ResponseMetadata': {'RequestId': 'b2809514-e7e5-418c-8f0d-bac225c19d06', 'HTTPStatusCode': 200, 'HTTPHeaders': {'date': 'Tue, 01 Nov 2022 19:00:26 GMT', 'content-type': 'application/json', 'content-length': '54', 'connection': 'keep-alive', 'x-amzn-requestid': 'b2809514-e7e5-418c-8f0d-bac225c19d06'}, 'RetryAttempts': 0}, 'updateDateTime': datetime.datetime(2022, 11, 1, 12, 0, 26, 548000, tzinfo=tzlocal()), 'state': 'UPDATING'}
Thread [ThreadU7] update child entity id = childentity-id-64
{'ResponseMetadata': {'RequestId': '8480cfe2-e122-4322-9c65-d795c5770165', 'HTTPStatusCode': 200, 'HTTPHeaders': {'date': 'Tue, 01 Nov 2022 19:00:26 GMT', 'content-type': 'application/json', 'content-length': '54', 'connection': 'keep-alive', 'x-amzn-requestid': '8480cfe2-e122-4322-9c65-d795c5770165'}, 'RetryAttempts': 0}, 'updateDateTime': datetime.datetime(2022, 11, 1, 12, 0, 26, 503000, tzinfo=tzlocal()), 'state': 'UPDATING'}
Thread [ThreadU4] update child entity id = childentity-id-39
{'ResponseMetadata': {'RequestId': '7a37bfc8-e22e-4f19-b6a6-594b821dfc9c', 'HTTPStatusCode': 200, 'HTTPHeaders': {'date': 'Tue, 01 Nov 2022 19:00:26 GMT', 'content-type': 'application/json', 'content-length': '54', 'connection': 'keep-alive', 'x-amzn-requestid': '7a37bfc8-e22e-4f19-b6a6-594b821dfc9c'}, 'RetryAttempts': 0}, 'updateDateTime': datetime.datetime(2022, 11, 1, 12, 0, 26, 785000, tzinfo=tzlocal()), 'state': 'UPDATING'}
Thread [ThreadU7] update child entity id = childentity-id-65
{'ResponseMetadata': {'RequestId': '4e6ced2a-4ed5-480b-8521-538f25132cfb', 'HTTPStatusCode': 200, 'HTTPHeaders': {'date': 'Tue, 01 Nov 2022 19:00:26 GMT', 'content-type': 'application/json', 'content-length': '54', 'connection': 'keep-alive', 'x-amzn-requestid': '4e6ced2a-4ed5-480b-8521-538f25132cfb'}, 'RetryAttempts': 0}, 'updateDateTime': datetime.datetime(2022, 11, 1, 12, 0, 26, 889000, tzinfo=tzlocal()), 'state': 'UPDATING'}
Thread [ThreadU4] update child entity id = childentity-id-40
Exiting Thread ThreadU4
{'ResponseMetadata': {'RequestId': '2cebfe17-fa2f-41b2-afaf-777777836f3b', 'HTTPStatusCode': 200, 'HTTPHeaders': {'date': 'Tue, 01 Nov 2022 19:00:27 GMT', 'content-type': 'application/json', 'content-length': '54', 'connection': 'keep-alive', 'x-amzn-requestid': '2cebfe17-fa2f-41b2-afaf-777777836f3b'}, 'RetryAttempts': 0}, 'updateDateTime': datetime.datetime(2022, 11, 1, 12, 0, 26, 995000, tzinfo=tzlocal()), 'state': 'UPDATING'}
Thread [ThreadU7] update child entity id = childentity-id-66
{'ResponseMetadata': {'RequestId': 'd2e12eac-cf5f-4702-b3bd-b486a9c44396', 'HTTPStatusCode': 200, 'HTTPHeaders': {'date': 'Tue, 01 Nov 2022 19:00:27 GMT', 'content-type': 'application/json', 'content-length': '54', 'connection': 'keep-alive', 'x-amzn-requestid': 'd2e12eac-cf5f-4702-b3bd-b486a9c44396'}, 'RetryAttempts': 0}, 'updateDateTime': datetime.datetime(2022, 11, 1, 12, 0, 27, 386000, tzinfo=tzlocal()), 'state': 'UPDATING'}
Thread [ThreadU7] update child entity id = childentity-id-67
{'ResponseMetadata': {'RequestId': 'acd94a53-6ea5-4b24-9530-4925862548fe', 'HTTPStatusCode': 200, 'HTTPHeaders': {'date': 'Tue, 01 Nov 2022 19:00:27 GMT', 'content-type': 'application/json', 'content-length': '54', 'connection': 'keep-alive', 'x-amzn-requestid': 'acd94a53-6ea5-4b24-9530-4925862548fe'}, 'RetryAttempts': 0}, 'updateDateTime': datetime.datetime(2022, 11, 1, 12, 0, 27, 607000, tzinfo=tzlocal()), 'state': 'UPDATING'}
Thread [ThreadU7] update child entity id = childentity-id-68
{'ResponseMetadata': {'RequestId': '6a5bb3e7-b067-4f59-a5c1-ac57490907f1', 'HTTPStatusCode': 200, 'HTTPHeaders': {'date': 'Tue, 01 Nov 2022 19:00:27 GMT', 'content-type': 'application/json', 'content-length': '54', 'connection': 'keep-alive', 'x-amzn-requestid': '6a5bb3e7-b067-4f59-a5c1-ac57490907f1'}, 'RetryAttempts': 0}, 'updateDateTime': datetime.datetime(2022, 11, 1, 12, 0, 27, 831000, tzinfo=tzlocal()), 'state': 'UPDATING'}
Thread [ThreadU7] update child entity id = childentity-id-69
{'ResponseMetadata': {'RequestId': 'fb623482-8706-43c4-a0ca-e49e0693cbb3', 'HTTPStatusCode': 200, 'HTTPHeaders': {'date': 'Tue, 01 Nov 2022 19:00:28 GMT', 'content-type': 'application/json', 'content-length': '54', 'connection': 'keep-alive', 'x-amzn-requestid': 'fb623482-8706-43c4-a0ca-e49e0693cbb3'}, 'RetryAttempts': 0}, 'updateDateTime': datetime.datetime(2022, 11, 1, 12, 0, 28, 51000, tzinfo=tzlocal()), 'state': 'UPDATING'}
Thread [ThreadU7] update child entity id = childentity-id-70
Exiting Thread ThreadU7
{'ResponseMetadata': {'RequestId': 'bc6966d4-2dea-469b-bace-5fe1afd50919', 'HTTPStatusCode': 200, 'HTTPHeaders': {'date': 'Tue, 01 Nov 2022 19:00:30 GMT', 'content-type': 'application/json', 'content-length': '54', 'connection': 'keep-alive', 'x-amzn-requestid': 'bc6966d4-2dea-469b-bace-5fe1afd50919'}, 'RetryAttempts': 4}, 'updateDateTime': datetime.datetime(2022, 11, 1, 12, 0, 29, 925000, tzinfo=tzlocal()), 'state': 'UPDATING'}
Thread [ThreadU6] update child entity id = childentity-id-55
{'ResponseMetadata': {'RequestId': 'f7b42f59-70f5-4c5b-9ed6-ba4288d7d9f9', 'HTTPStatusCode': 200, 'HTTPHeaders': {'date': 'Tue, 01 Nov 2022 19:00:30 GMT', 'content-type': 'application/json', 'content-length': '54', 'connection': 'keep-alive', 'x-amzn-requestid': 'f7b42f59-70f5-4c5b-9ed6-ba4288d7d9f9'}, 'RetryAttempts': 0}, 'updateDateTime': datetime.datetime(2022, 11, 1, 12, 0, 30, 132000, tzinfo=tzlocal()), 'state': 'UPDATING'}
Thread [ThreadU6] update child entity id = childentity-id-56
{'ResponseMetadata': {'RequestId': 'c1f6f395-85ea-44a6-ab21-48166d89ea29', 'HTTPStatusCode': 200, 'HTTPHeaders': {'date': 'Tue, 01 Nov 2022 19:00:30 GMT', 'content-type': 'application/json', 'content-length': '54', 'connection': 'keep-alive', 'x-amzn-requestid': 'c1f6f395-85ea-44a6-ab21-48166d89ea29'}, 'RetryAttempts': 0}, 'updateDateTime': datetime.datetime(2022, 11, 1, 12, 0, 30, 376000, tzinfo=tzlocal()), 'state': 'UPDATING'}
Thread [ThreadU6] update child entity id = childentity-id-57
{'ResponseMetadata': {'RequestId': 'cb4ab41d-7283-4653-b559-cfd64924349c', 'HTTPStatusCode': 200, 'HTTPHeaders': {'date': 'Tue, 01 Nov 2022 19:00:30 GMT', 'content-type': 'application/json', 'content-length': '54', 'connection': 'keep-alive', 'x-amzn-requestid': 'cb4ab41d-7283-4653-b559-cfd64924349c'}, 'RetryAttempts': 0}, 'updateDateTime': datetime.datetime(2022, 11, 1, 12, 0, 30, 588000, tzinfo=tzlocal()), 'state': 'UPDATING'}
Thread [ThreadU6] update child entity id = childentity-id-58
{'ResponseMetadata': {'RequestId': '5b92e332-c911-4b5b-bb02-756cb16dfcb2', 'HTTPStatusCode': 200, 'HTTPHeaders': {'date': 'Tue, 01 Nov 2022 19:00:30 GMT', 'content-type': 'application/json', 'content-length': '54', 'connection': 'keep-alive', 'x-amzn-requestid': '5b92e332-c911-4b5b-bb02-756cb16dfcb2'}, 'RetryAttempts': 0}, 'updateDateTime': datetime.datetime(2022, 11, 1, 12, 0, 30, 798000, tzinfo=tzlocal()), 'state': 'UPDATING'}
Thread [ThreadU6] update child entity id = childentity-id-59
{'ResponseMetadata': {'RequestId': 'e882a112-b873-4869-b1b3-e6ece9e34b3a', 'HTTPStatusCode': 200, 'HTTPHeaders': {'date': 'Tue, 01 Nov 2022 19:00:31 GMT', 'content-type': 'application/json', 'content-length': '54', 'connection': 'keep-alive', 'x-amzn-requestid': 'e882a112-b873-4869-b1b3-e6ece9e34b3a'}, 'RetryAttempts': 0}, 'updateDateTime': datetime.datetime(2022, 11, 1, 12, 0, 31, 83000, tzinfo=tzlocal()), 'state': 'UPDATING'}
Thread [ThreadU6] update child entity id = childentity-id-60
Exiting Thread ThreadU6
{'ResponseMetadata': {'RequestId': '545d4ff0-744b-4601-839b-756e7d50db5d', 'HTTPStatusCode': 200, 'HTTPHeaders': {'date': 'Tue, 01 Nov 2022 19:00:31 GMT', 'content-type': 'application/json', 'content-length': '54', 'connection': 'keep-alive', 'x-amzn-requestid': '545d4ff0-744b-4601-839b-756e7d50db5d'}, 'RetryAttempts': 4}, 'updateDateTime': datetime.datetime(2022, 11, 1, 12, 0, 31, 804000, tzinfo=tzlocal()), 'state': 'UPDATING'}
Thread [ThreadU8] update child entity id = childentity-id-74
{'ResponseMetadata': {'RequestId': 'caefd72d-7d98-43db-b2cb-1e454dd82979', 'HTTPStatusCode': 200, 'HTTPHeaders': {'date': 'Tue, 01 Nov 2022 19:00:32 GMT', 'content-type': 'application/json', 'content-length': '54', 'connection': 'keep-alive', 'x-amzn-requestid': 'caefd72d-7d98-43db-b2cb-1e454dd82979'}, 'RetryAttempts': 0}, 'updateDateTime': datetime.datetime(2022, 11, 1, 12, 0, 32, 46000, tzinfo=tzlocal()), 'state': 'UPDATING'}
Thread [ThreadU8] update child entity id = childentity-id-75
{'ResponseMetadata': {'RequestId': '7276ffbd-3828-4c28-ac27-bd141aaf6f59', 'HTTPStatusCode': 200, 'HTTPHeaders': {'date': 'Tue, 01 Nov 2022 19:00:32 GMT', 'content-type': 'application/json', 'content-length': '54', 'connection': 'keep-alive', 'x-amzn-requestid': '7276ffbd-3828-4c28-ac27-bd141aaf6f59'}, 'RetryAttempts': 0}, 'updateDateTime': datetime.datetime(2022, 11, 1, 12, 0, 32, 309000, tzinfo=tzlocal()), 'state': 'UPDATING'}
Thread [ThreadU8] update child entity id = childentity-id-76
{'ResponseMetadata': {'RequestId': '89f09d27-fc22-44a9-a60d-b0ccb44573ba', 'HTTPStatusCode': 200, 'HTTPHeaders': {'date': 'Tue, 01 Nov 2022 19:00:32 GMT', 'content-type': 'application/json', 'content-length': '54', 'connection': 'keep-alive', 'x-amzn-requestid': '89f09d27-fc22-44a9-a60d-b0ccb44573ba'}, 'RetryAttempts': 0}, 'updateDateTime': datetime.datetime(2022, 11, 1, 12, 0, 32, 539000, tzinfo=tzlocal()), 'state': 'UPDATING'}
Thread [ThreadU8] update child entity id = childentity-id-77
{'ResponseMetadata': {'RequestId': '213dbb02-69f2-4b36-a97e-2f383d353081', 'HTTPStatusCode': 200, 'HTTPHeaders': {'date': 'Tue, 01 Nov 2022 19:00:32 GMT', 'content-type': 'application/json', 'content-length': '54', 'connection': 'keep-alive', 'x-amzn-requestid': '213dbb02-69f2-4b36-a97e-2f383d353081'}, 'RetryAttempts': 0}, 'updateDateTime': datetime.datetime(2022, 11, 1, 12, 0, 32, 744000, tzinfo=tzlocal()), 'state': 'UPDATING'}
Thread [ThreadU8] update child entity id = childentity-id-78
{'ResponseMetadata': {'RequestId': 'cca7124c-500f-4f36-b6a1-a2a5db6ba091', 'HTTPStatusCode': 200, 'HTTPHeaders': {'date': 'Tue, 01 Nov 2022 19:00:33 GMT', 'content-type': 'application/json', 'content-length': '54', 'connection': 'keep-alive', 'x-amzn-requestid': 'cca7124c-500f-4f36-b6a1-a2a5db6ba091'}, 'RetryAttempts': 0}, 'updateDateTime': datetime.datetime(2022, 11, 1, 12, 0, 32, 969000, tzinfo=tzlocal()), 'state': 'UPDATING'}
Thread [ThreadU8] update child entity id = childentity-id-79
{'ResponseMetadata': {'RequestId': '0b7e4db2-0174-483b-be12-d84a04d6e47c', 'HTTPStatusCode': 200, 'HTTPHeaders': {'date': 'Tue, 01 Nov 2022 19:00:33 GMT', 'content-type': 'application/json', 'content-length': '54', 'connection': 'keep-alive', 'x-amzn-requestid': '0b7e4db2-0174-483b-be12-d84a04d6e47c'}, 'RetryAttempts': 0}, 'updateDateTime': datetime.datetime(2022, 11, 1, 12, 0, 33, 177000, tzinfo=tzlocal()), 'state': 'UPDATING'}
Thread [ThreadU8] update child entity id = childentity-id-80
Exiting Thread ThreadU8

